<?xml version="1.0" encoding="UTF-8"?>
<!-- Generated by org.testng.reporters.JUnitReportReporter -->
<testsuite hostname="DivyaKrishnappa" failures="0" tests="1" name="tests.TestsExamples" time="1.929" errors="0" timestamp="2024-10-03T11:03:55 AEST" skipped="0">
  <testcase classname="tests.TestsExamples" name="test_1" time="1.929"/>
</testsuite> <!-- tests.TestsExamples -->
