<?xml version="1.0" encoding="UTF-8"?>
<!-- Generated by org.testng.reporters.JUnitReportReporter -->
<testsuite hostname="DivyaKrishnappa" failures="0" tests="2" name="tests.TestsExamples2" time="1.142" errors="0" timestamp="2024-10-03T11:03:55 AEST" skipped="0">
  <testcase classname="tests.TestsExamples2" name="test_2" time="0.992"/>
  <testcase classname="tests.TestsExamples2" name="test_1" time="0.150"/>
</testsuite> <!-- tests.TestsExamples2 -->
