<?xml version="1.0" encoding="UTF-8"?>
<!-- Generated by org.testng.reporters.JUnitReportReporter -->
<testsuite hostname="DivyaKrishnappa" failures="0" tests="1" name="tests.PutPatchDeleteExamples" time="3.092" errors="0" timestamp="2024-10-02T07:45:02 AEST" skipped="0">
  <testcase classname="tests.PutPatchDeleteExamples" name="testDelete" time="3.092"/>
</testsuite> <!-- tests.PutPatchDeleteExamples -->
