<?xml version="1.0" encoding="UTF-8"?>
<!-- Generated by org.testng.reporters.JUnitReportReporter -->
<testsuite hostname="DivyaKrishnappa" failures="0" tests="1" name="tests.JSONSchemaValidator" time="2.600" errors="0" timestamp="2024-10-02T16:27:59 AEST" skipped="0">
  <testcase classname="tests.JSONSchemaValidator" name="testGet" time="2.600"/>
</testsuite> <!-- tests.JSONSchemaValidator -->
