<?xml version="1.0" encoding="UTF-8"?>
<!-- Generated by org.testng.reporters.JUnitReportReporter -->
<testsuite hostname="DivyaKrishnappa" failures="0" tests="1" name="tests.TestsOnLocalAPI" time="1.585" errors="0" timestamp="2024-10-02T11:49:28 AEST" skipped="0">
  <testcase classname="tests.TestsOnLocalAPI" name="delete" time="1.585"/>
</testsuite> <!-- tests.TestsOnLocalAPI -->
