<?xml version="1.0" encoding="UTF-8"?>
<!-- Generated by org.testng.reporters.JUnitReportReporter -->
<testsuite hostname="DivyaKrishnappa" failures="0" tests="1" name="tests.SOAPXMLRequest" time="2.673" errors="0" timestamp="2024-10-02T20:11:22 AEST" skipped="0">
  <testcase classname="tests.SOAPXMLRequest" name="validateSoapXML" time="2.673"/>
</testsuite> <!-- tests.SOAPXMLRequest -->
