<?xml version="1.0" encoding="UTF-8"?>
<!-- Generated by org.testng.reporters.JUnitReportReporter -->
<testsuite hostname="DivyaKrishnappa" failures="0" tests="1" name="tests.GetAndPostExamples" time="3.037" errors="0" timestamp="2024-10-02T04:09:48 AEST" skipped="0">
  <testcase classname="tests.GetAndPostExamples" name="testPost" time="3.037"/>
</testsuite> <!-- tests.GetAndPostExamples -->
