<?xml version="1.0" encoding="UTF-8"?>
<!-- Generated by org.testng.reporters.JUnitReportReporter -->
<testsuite hostname="DivyaKrishnappa" failures="0" tests="2" name="tests.TestsExamples2" time="1.970" errors="0" timestamp="2024-10-01T22:17:48 AEST" skipped="0">
  <testcase classname="tests.TestsExamples2" name="test_1" time="1.323"/>
  <testcase classname="tests.TestsExamples2" name="test_2" time="0.647"/>
</testsuite> <!-- tests.TestsExamples2 -->
